\BOOKMARK [0][-]{figure.caption.1}{\376\377\000D\000A\000F\000T\000A\000R\000\040\000G\000A\000M\000B\000A\000R}{}% 1
\BOOKMARK [0][-]{figure.caption.1}{\376\377\000D\000A\000F\000T\000A\000R\000\040\000T\000A\000B\000E\000L}{}% 2
\BOOKMARK [0][-]{chapter*.2}{\376\377\000=\000D\000A\000F\000T\000A\000R\000\040\000K\000O\000D\000E}{}% 3
\BOOKMARK [0][-]{chapter.1}{\376\377\000P\000E\000N\000D\000A\000H\000U\000L\000U\000A\000N}{}% 4
\BOOKMARK [1][-]{section.1.1}{\376\377\000L\000a\000t\000a\000r\000\040\000B\000e\000l\000a\000k\000a\000n\000g}{chapter.1}% 5
\BOOKMARK [1][-]{section.1.2}{\376\377\000R\000u\000m\000u\000s\000a\000n\000\040\000M\000a\000s\000a\000l\000a\000h}{chapter.1}% 6
\BOOKMARK [1][-]{section.1.3}{\376\377\000T\000u\000j\000u\000a\000n}{chapter.1}% 7
\BOOKMARK [1][-]{section.1.4}{\376\377\000B\000a\000t\000a\000s\000a\000n\000\040\000M\000a\000s\000a\000l\000a\000h}{chapter.1}% 8
\BOOKMARK [1][-]{section.1.5}{\376\377\000M\000e\000t\000o\000d\000o\000l\000o\000g\000i}{chapter.1}% 9
\BOOKMARK [2][-]{subsection.1.5.1}{\376\377\000S\000t\000u\000d\000i\000\040\000L\000i\000t\000e\000r\000a\000t\000u\000r}{section.1.5}% 10
\BOOKMARK [2][-]{subsection.1.5.2}{\376\377\000A\000n\000a\000l\000i\000s\000i\000s\000\040\000K\000e\000b\000u\000t\000u\000h\000a\000n\000\040\000d\000a\000n\000\040\000P\000e\000r\000a\000n\000c\000a\000n\000g\000a\000n\000\040\000S\000i\000s\000t\000e\000m}{section.1.5}% 11
\BOOKMARK [2][-]{subsection.1.5.3}{\376\377\000I\000m\000p\000l\000e\000m\000e\000n\000t\000a\000s\000i\000\040\000S\000i\000s\000t\000e\000m}{section.1.5}% 12
\BOOKMARK [2][-]{subsection.1.5.4}{\376\377\000V\000a\000l\000i\000d\000a\000s\000i\000\040\000d\000a\000n\000\040\000E\000v\000a\000l\000u\000a\000s\000i}{section.1.5}% 13
\BOOKMARK [0][-]{chapter.2}{\376\377\000S\000T\000U\000D\000I\000\040\000L\000I\000T\000E\000R\000A\000T\000U\000R}{}% 14
\BOOKMARK [1][-]{section.2.1}{\376\377\000K\000o\000n\000s\000e\000p\000\040\000D\000i\000g\000i\000t\000a\000l\000\040\000T\000w\000i\000n}{chapter.2}% 15
\BOOKMARK [1][-]{section.2.2}{\376\377\000D\000i\000g\000i\000t\000a\000l\000\040\000T\000w\000i\000n\000\040\000d\000a\000l\000a\000m\000\040\000B\000i\000d\000a\000n\000g\000\040\000K\000e\000s\000e\000h\000a\000t\000a\000n}{chapter.2}% 16
\BOOKMARK [1][-]{section.2.3}{\376\377\000M\000a\000n\000a\000j\000e\000m\000e\000n\000\040\000D\000i\000a\000b\000e\000t\000e\000s\000\040\000d\000a\000n\000\040\000P\000e\000n\000d\000e\000k\000a\000t\000a\000n\000\040\000D\000i\000g\000i\000t\000a\000l}{chapter.2}% 17
\BOOKMARK [1][-]{section.2.4}{\376\377\000F\000a\000k\000t\000o\000r\000-\000F\000a\000k\000t\000o\000r\000\040\000y\000a\000n\000g\000\040\000M\000e\000m\000p\000e\000n\000g\000a\000r\000u\000h\000i\000\040\000K\000a\000d\000a\000r\000\040\000G\000u\000l\000a\000\040\000D\000a\000r\000a\000h}{chapter.2}% 18
\BOOKMARK [2][-]{subsection.2.4.1}{\376\377\000A\000s\000u\000p\000a\000n\000\040\000N\000u\000t\000r\000i\000s\000i\000\040\000d\000a\000n\000\040\000K\000a\000r\000b\000o\000h\000i\000d\000r\000a\000t}{section.2.4}% 19
\BOOKMARK [2][-]{subsection.2.4.2}{\376\377\000A\000k\000t\000i\000v\000i\000t\000a\000s\000\040\000F\000i\000s\000i\000k}{section.2.4}% 20
\BOOKMARK [2][-]{subsection.2.4.3}{\376\377\000F\000a\000k\000t\000o\000r\000\040\000P\000s\000i\000k\000o\000l\000o\000g\000i\000s\000\040\000d\000a\000n\000\040\000S\000t\000r\000e\000s}{section.2.4}% 21
\BOOKMARK [1][-]{section.2.5}{\376\377\000M\000e\000t\000o\000d\000e\000\040\000M\000a\000c\000h\000i\000n\000e\000\040\000L\000e\000a\000r\000n\000i\000n\000g\000\040\000u\000n\000t\000u\000k\000\040\000P\000r\000e\000d\000i\000k\000s\000i\000\040\000K\000a\000d\000a\000r\000\040\000G\000l\000u\000k\000o\000s\000a}{chapter.2}% 22
\BOOKMARK [1][-]{section.2.6}{\376\377\000R\000e\000t\000r\000i\000e\000v\000a\000l\000-\000A\000u\000g\000m\000e\000n\000t\000e\000d\000\040\000G\000e\000n\000e\000r\000a\000t\000i\000o\000n\000\040\000\050\000R\000A\000G\000\051\000\040\000F\000r\000a\000m\000e\000w\000o\000r\000k}{chapter.2}% 23
\BOOKMARK [1][-]{section.2.7}{\376\377\000P\000e\000n\000e\000l\000i\000t\000i\000a\000n\000\040\000T\000e\000r\000k\000a\000i\000t}{chapter.2}% 24
\BOOKMARK [1][-]{section.2.8}{\376\377\000T\000a\000n\000t\000a\000n\000g\000a\000n\000\040\000I\000m\000p\000l\000e\000m\000e\000n\000t\000a\000s\000i\000\040\000d\000i\000\040\000I\000n\000d\000o\000n\000e\000s\000i\000a}{chapter.2}% 25
\BOOKMARK [0][-]{chapter.3}{\376\377\000A\000N\000A\000L\000I\000S\000I\000S\000\040\000M\000A\000S\000A\000L\000A\000H}{}% 26
\BOOKMARK [1][-]{section.3.1}{\376\377\000A\000n\000a\000l\000i\000s\000i\000s\000\040\000K\000o\000n\000d\000i\000s\000i\000\040\000S\000a\000a\000t\000\040\000I\000n\000i}{chapter.3}% 27
\BOOKMARK [1][-]{section.3.2}{\376\377\000A\000n\000a\000l\000i\000s\000i\000s\000\040\000K\000e\000b\000u\000t\000u\000h\000a\000n}{chapter.3}% 28
\BOOKMARK [2][-]{subsection.3.2.1}{\376\377\000I\000d\000e\000n\000t\000i\000f\000i\000k\000a\000s\000i\000\040\000M\000a\000s\000a\000l\000a\000h\000\040\000P\000e\000n\000g\000g\000u\000n\000a}{section.3.2}% 29
\BOOKMARK [2][-]{subsection.3.2.2}{\376\377\000K\000e\000b\000u\000t\000u\000h\000a\000n\000\040\000F\000u\000n\000g\000s\000i\000o\000n\000a\000l}{section.3.2}% 30
\BOOKMARK [2][-]{subsection.3.2.3}{\376\377\000K\000e\000b\000u\000t\000u\000h\000a\000n\000\040\000N\000o\000n\000f\000u\000n\000g\000s\000i\000o\000n\000a\000l}{section.3.2}% 31
\BOOKMARK [1][-]{section.3.3}{\376\377\000A\000n\000a\000l\000i\000s\000i\000s\000\040\000P\000e\000m\000i\000l\000i\000h\000a\000n\000\040\000S\000o\000l\000u\000s\000i}{chapter.3}% 32
\BOOKMARK [2][-]{subsection.3.3.1}{\376\377\000A\000l\000t\000e\000r\000n\000a\000t\000i\000f\000\040\000S\000o\000l\000u\000s\000i}{section.3.3}% 33
\BOOKMARK [2][-]{subsection.3.3.2}{\376\377\000A\000n\000a\000l\000i\000s\000i\000s\000\040\000P\000e\000n\000e\000n\000t\000u\000a\000n\000\040\000S\000o\000l\000u\000s\000i}{section.3.3}% 34
\BOOKMARK [0][-]{chapter.4}{\376\377\000D\000e\000s\000a\000i\000n\000\040\000K\000o\000n\000s\000e\000p\000\040\000S\000o\000l\000u\000s\000i}{}% 35
\BOOKMARK [1][-]{section.4.1}{\376\377\000S\000i\000s\000t\000e\000m\000\040\000S\000a\000a\000t\000\040\000I\000n\000i\000\040\000\050\000B\000e\000f\000o\000r\000e\000\051}{chapter.4}% 36
\BOOKMARK [1][-]{section.4.2}{\376\377\000M\000o\000d\000e\000l\000\040\000K\000o\000n\000s\000e\000p\000t\000u\000a\000l\000\040\000S\000o\000l\000u\000s\000i\000\040\000\050\000T\000o\000-\000B\000e\000\051}{chapter.4}% 37
\BOOKMARK [1][-]{section.4.3}{\376\377\000P\000e\000r\000b\000a\000n\000d\000i\000n\000g\000a\000n\000\040\000S\000i\000s\000t\000e\000m\000\040\000B\000e\000f\000o\000r\000e\000\040\000d\000a\000n\000\040\000A\000f\000t\000e\000r}{chapter.4}% 38
\BOOKMARK [1][-]{section.4.4}{\376\377\000D\000i\000a\000g\000r\000a\000m\000\040\000U\000s\000e\000\040\000C\000a\000s\000e}{chapter.4}% 39
\BOOKMARK [2][-]{subsection.4.4.1}{\376\377\000U\000s\000e\000\040\000C\000a\000s\000e\000\040\000A\000k\000t\000o\000r\000\040\000P\000a\000s\000i\000e\000n}{section.4.4}% 40
\BOOKMARK [2][-]{subsection.4.4.2}{\376\377\000U\000s\000e\000\040\000C\000a\000s\000e\000\040\000A\000k\000t\000o\000r\000\040\000D\000o\000k\000t\000e\000r\000/\000T\000e\000n\000a\000g\000a\000\040\000M\000e\000d\000i\000s}{section.4.4}% 41
\BOOKMARK [1][-]{section.4.5}{\376\377\000A\000l\000u\000r\000\040\000P\000r\000o\000s\000e\000s\000\040\000S\000i\000s\000t\000e\000m\000\040\000\050\000B\000P\000M\000N\000\051}{chapter.4}% 42
\BOOKMARK [1][-]{section.4.6}{\376\377\000A\000r\000s\000i\000t\000e\000k\000t\000u\000r\000\040\000M\000o\000d\000e\000l\000\040\000M\000a\000c\000h\000i\000n\000e\000\040\000L\000e\000a\000r\000n\000i\000n\000g}{chapter.4}% 43
\BOOKMARK [1][-]{section.4.7}{\376\377\000A\000r\000s\000i\000t\000e\000k\000t\000u\000r\000\040\000R\000e\000t\000r\000i\000e\000v\000a\000l\000-\000A\000u\000g\000m\000e\000n\000t\000e\000d\000\040\000G\000e\000n\000e\000r\000a\000t\000i\000o\000n\000\040\000\050\000R\000A\000G\000\051}{chapter.4}% 44
\BOOKMARK [1][-]{section.4.8}{\376\377\000P\000e\000m\000e\000t\000a\000a\000n\000\040\000U\000s\000e\000\040\000C\000a\000s\000e\000\040\000t\000e\000r\000h\000a\000d\000a\000p\000\040\000F\000R\000\040\000d\000a\000n\000\040\000N\000F\000R}{chapter.4}% 45
\BOOKMARK [0][-]{chapter.5}{\376\377\000R\000e\000n\000c\000a\000n\000a\000\040\000S\000e\000l\000a\000n\000j\000u\000t\000n\000y\000a}{}% 46
\BOOKMARK [1][-]{section.5.1}{\376\377\000R\000e\000n\000c\000a\000n\000a\000\040\000I\000m\000p\000l\000e\000m\000e\000n\000t\000a\000s\000i}{chapter.5}% 47
\BOOKMARK [2][-]{subsection.5.1.1}{\376\377\000P\000e\000r\000s\000i\000a\000p\000a\000n\000\040\000L\000i\000n\000g\000k\000u\000n\000g\000a\000n\000\040\000d\000a\000n\000\040\000P\000e\000r\000a\000n\000g\000k\000a\000t\000\040\000P\000e\000n\000g\000e\000m\000b\000a\000n\000g\000a\000n}{section.5.1}% 48
\BOOKMARK [2][-]{subsection.5.1.2}{\376\377\000P\000e\000r\000s\000i\000a\000p\000a\000n\000\040\000D\000a\000t\000a}{section.5.1}% 49
\BOOKMARK [2][-]{subsection.5.1.3}{\376\377\000P\000e\000n\000g\000e\000m\000b\000a\000n\000g\000a\000n\000\040\000M\000o\000d\000e\000l\000\040\000P\000r\000e\000d\000i\000k\000s\000i}{section.5.1}% 50
\BOOKMARK [2][-]{subsection.5.1.4}{\376\377\000P\000e\000m\000b\000a\000n\000g\000u\000n\000a\000n\000\040\000D\000i\000g\000i\000t\000a\000l\000\040\000T\000w\000i\000n}{section.5.1}% 51
\BOOKMARK [2][-]{subsection.5.1.5}{\376\377\000I\000n\000t\000e\000g\000r\000a\000s\000i\000\040\000R\000e\000t\000r\000i\000e\000v\000a\000l\000-\000A\000u\000g\000m\000e\000n\000t\000e\000d\000\040\000G\000e\000n\000e\000r\000a\000t\000i\000o\000n\000\040\000\050\000R\000A\000G\000\051}{section.5.1}% 52
\BOOKMARK [2][-]{subsection.5.1.6}{\376\377\000P\000e\000n\000g\000e\000m\000b\000a\000n\000g\000a\000n\000\040\000A\000n\000t\000a\000r\000m\000u\000k\000a\000\040\000d\000a\000n\000\040\000V\000i\000s\000u\000a\000l\000i\000s\000a\000s\000i}{section.5.1}% 53
\BOOKMARK [2][-]{subsection.5.1.7}{\376\377\000D\000o\000k\000u\000m\000e\000n\000t\000a\000s\000i\000\040\000d\000a\000n\000\040\000P\000e\000n\000y\000u\000s\000u\000n\000a\000n\000\040\000L\000a\000p\000o\000r\000a\000n}{section.5.1}% 54
\BOOKMARK [1][-]{section.5.2}{\376\377\000D\000e\000s\000a\000i\000n\000\040\000P\000e\000n\000g\000u\000j\000i\000a\000n\000\040\000d\000a\000n\000\040\000E\000v\000a\000l\000u\000a\000s\000i}{chapter.5}% 55
\BOOKMARK [2][-]{subsection.5.2.1}{\376\377\000V\000e\000r\000i\000f\000i\000k\000a\000s\000i\000\040\000S\000i\000s\000t\000e\000m}{section.5.2}% 56
\BOOKMARK [2][-]{subsection.5.2.2}{\376\377\000V\000a\000l\000i\000d\000a\000s\000i\000\040\000M\000o\000d\000e\000l\000\040\000P\000r\000e\000d\000i\000k\000s\000i}{section.5.2}% 57
\BOOKMARK [2][-]{subsection.5.2.3}{\376\377\000E\000v\000a\000l\000u\000a\000s\000i\000\040\000I\000n\000t\000e\000g\000r\000a\000s\000i\000\040\000D\000i\000g\000i\000t\000a\000l\000\040\000T\000w\000i\000n\000\040\000d\000a\000n\000\040\000R\000A\000G}{section.5.2}% 58
\BOOKMARK [1][-]{section.5.3}{\376\377\000A\000n\000a\000l\000i\000s\000i\000s\000\040\000R\000i\000s\000i\000k\000o\000\040\000d\000a\000n\000\040\000M\000i\000t\000i\000g\000a\000s\000i}{chapter.5}% 59
\BOOKMARK [1][-]{section.5.4}{\376\377\000T\000i\000m\000e\000l\000i\000n\000e\000\040\000P\000e\000n\000g\000e\000r\000j\000a\000a\000n}{chapter.5}% 60
